<?xml version="1.0" encoding="UTF-8"?>
<!-- Generated by org.testng.reporters.JUnitReportReporter -->
<testsuite skipped="0" hostname="AMVCOMPUTERS" name="testNG.GroupingEx" tests="4" failures="0" timestamp="2023-03-08T10:06:06 IST" time="0.020" errors="0">
  <testcase name="moto1" time="0.014" classname="testNG.GroupingEx"/>
  <system-out/>
  <testcase name="moto2" time="0.002" classname="testNG.GroupingEx"/>
  <system-out/>
  <testcase name="vivo1" time="0.001" classname="testNG.GroupingEx"/>
  <system-out/>
  <testcase name="vivo2" time="0.003" classname="testNG.GroupingEx"/>
  <system-out/>
</testsuite> <!-- testNG.GroupingEx -->
