<?xml version="1.0" encoding="UTF-8"?>
<!-- Generated by org.testng.reporters.JUnitReportReporter -->
<testsuite skipped="1" hostname="AMVCOMPUTERS" name="testNG.SkipDemo" tests="4" failures="0" timestamp="2023-03-08T09:38:03 IST" time="0.006" errors="0">
  <testcase name="firsttestcase" time="0.002" classname="testNG.SkipDemo"/>
  <system-out/>
  <testcase name="secondtestcase" time="0.002" classname="testNG.SkipDemo"/>
  <system-out/>
  <testcase name="thirdtestcase" time="0.002" classname="testNG.SkipDemo"/>
  <system-out/>
  <testcase name="forthtestcase" classname="testNG.SkipDemo">
    <skipped/>
  </testcase> <!-- forthtestcase -->
  <system-out/>
</testsuite> <!-- testNG.SkipDemo -->
