<?xml version="1.0" encoding="UTF-8"?>
<!-- Generated by org.testng.reporters.JUnitReportReporter -->
<testsuite skipped="0" hostname="AMVCOMPUTERS" name="testNG.NewTest" tests="1" failures="0" timestamp="2023-03-08T22:40:52 IST" time="0.011" errors="0">
  <testcase name="test" time="0.011" classname="testNG.NewTest"/>
  <system-out/>
</testsuite> <!-- testNG.NewTest -->
