<?xml version="1.0" encoding="UTF-8"?>
<!-- Generated by org.testng.reporters.JUnitReportReporter -->
<testsuite skipped="0" hostname="AMVCOMPUTERS" name="testNG.DependencyDemo" tests="4" failures="0" timestamp="2023-03-08T09:38:03 IST" time="0.008" errors="0">
  <testcase name="highSecondary" time="0.003" classname="testNG.DependencyDemo"/>
  <system-out/>
  <testcase name="artsAndScience" time="0.001" classname="testNG.DependencyDemo"/>
  <system-out/>
  <testcase name="highSchool" time="0.002" classname="testNG.DependencyDemo"/>
  <system-out/>
  <testcase name="job" time="0.002" classname="testNG.DependencyDemo"/>
  <system-out/>
</testsuite> <!-- testNG.DependencyDemo -->
