<?xml version="1.0" encoding="UTF-8"?>
<!-- Generated by org.testng.reporters.JUnitReportReporter -->
<testsuite skipped="0" hostname="AMVCOMPUTERS" name="testNG.PriorityDemo" tests="4" failures="0" timestamp="2023-03-08T09:38:03 IST" time="0.006" errors="0">
  <testcase name="firsttestcase" time="0.001" classname="testNG.PriorityDemo"/>
  <system-out/>
  <testcase name="secondtestcase" time="0.002" classname="testNG.PriorityDemo"/>
  <system-out/>
  <testcase name="forthtestcase" time="0.002" classname="testNG.PriorityDemo"/>
  <system-out/>
  <testcase name="thirdtestcase" time="0.001" classname="testNG.PriorityDemo"/>
  <system-out/>
</testsuite> <!-- testNG.PriorityDemo -->
